0 info it worked if it ends with ok
1 verbose cli [ '/home/ttnd/.nvm/versions/node/v6.3.1/bin/node',
1 verbose cli   '/home/ttnd/.nvm/versions/node/v6.3.1/bin/npm',
1 verbose cli   'run',
1 verbose cli   'development' ]
2 info using npm@3.10.3
3 info using node@v6.3.1
4 verbose run-script [ 'predevelopment', 'development', 'postdevelopment' ]
5 info lifecycle buddy-legal@0.0.0~predevelopment: buddy-legal@0.0.0
6 silly lifecycle buddy-legal@0.0.0~predevelopment: no script for predevelopment, continuing
7 info lifecycle buddy-legal@0.0.0~development: buddy-legal@0.0.0
8 verbose lifecycle buddy-legal@0.0.0~development: unsafe-perm in lifecycle true
9 verbose lifecycle buddy-legal@0.0.0~development: PATH: /home/ttnd/.nvm/versions/node/v6.3.1/lib/node_modules/npm/bin/node-gyp-bin:/home/ttnd/Desktop/buddy-legal/node_modules/.bin:/home/ttnd/.nvm/versions/node/v6.3.1/bin:/home/ttnd/.nvm/versions/node/v6.3.1/bin:/home/ttnd/bin:/home/ttnd/.local/bin:/home/ttnd/bin:/home/ttnd/.local/bin:/usr/local/sbin:/usr/local/bin:/usr/sbin:/usr/bin:/sbin:/bin:/usr/games:/usr/local/games:/snap/bin:/snap/bin
10 verbose lifecycle buddy-legal@0.0.0~development: CWD: /home/ttnd/Desktop/buddy-legal
11 silly lifecycle buddy-legal@0.0.0~development: Args: [ '-c', 'NODE_ENV=development node server' ]
12 silly lifecycle buddy-legal@0.0.0~development: Returned: code: 1  signal: null
13 info lifecycle buddy-legal@0.0.0~development: Failed to exec development script
14 verbose stack Error: buddy-legal@0.0.0 development: `NODE_ENV=development node server`
14 verbose stack Exit status 1
14 verbose stack     at EventEmitter.<anonymous> (/home/ttnd/.nvm/versions/node/v6.3.1/lib/node_modules/npm/lib/utils/lifecycle.js:242:16)
14 verbose stack     at emitTwo (events.js:106:13)
14 verbose stack     at EventEmitter.emit (events.js:191:7)
14 verbose stack     at ChildProcess.<anonymous> (/home/ttnd/.nvm/versions/node/v6.3.1/lib/node_modules/npm/lib/utils/spawn.js:40:14)
14 verbose stack     at emitTwo (events.js:106:13)
14 verbose stack     at ChildProcess.emit (events.js:191:7)
14 verbose stack     at maybeClose (internal/child_process.js:852:16)
14 verbose stack     at Process.ChildProcess._handle.onexit (internal/child_process.js:215:5)
15 verbose pkgid buddy-legal@0.0.0
16 verbose cwd /home/ttnd/Desktop/buddy-legal
17 error Linux 4.4.0-36-generic
18 error argv "/home/ttnd/.nvm/versions/node/v6.3.1/bin/node" "/home/ttnd/.nvm/versions/node/v6.3.1/bin/npm" "run" "development"
19 error node v6.3.1
20 error npm  v3.10.3
21 error code ELIFECYCLE
22 error buddy-legal@0.0.0 development: `NODE_ENV=development node server`
22 error Exit status 1
23 error Failed at the buddy-legal@0.0.0 development script 'NODE_ENV=development node server'.
23 error Make sure you have the latest version of node.js and npm installed.
23 error If you do, this is most likely a problem with the buddy-legal package,
23 error not with npm itself.
23 error Tell the author that this fails on your system:
23 error     NODE_ENV=development node server
23 error You can get information on how to open an issue for this project with:
23 error     npm bugs buddy-legal
23 error Or if that isn't available, you can get their info via:
23 error     npm owner ls buddy-legal
23 error There is likely additional logging output above.
24 verbose exit [ 1, true ]
